2024-12-30 19:55:35,979 - INFO - 发送端程序启动。
2024-12-30 19:55:43,916 - INFO - 用户输入的消息: hello
2024-12-30 19:55:43,916 - DEBUG - 文本转换为比特串: 0110100001100101011011000110110001101111
2024-12-30 19:55:43,916 - DEBUG - 数据包构建完成: 10101010101010101010101000000000001010000110100001100101011011000110110001101111
2024-12-30 19:55:43,941 - DEBUG - 比特串成功转换为音频信号。
2024-12-30 19:55:43,942 - INFO - 开始播放音频信号。
2024-12-30 19:55:52,119 - INFO - 音频信号播放完成。
2024-12-30 19:56:45,952 - INFO - 用户输入的消息: hello
2024-12-30 19:56:45,952 - DEBUG - 文本转换为比特串: 0110100001100101011011000110110001101111
2024-12-30 19:56:45,952 - DEBUG - 数据包构建完成: 10101010101010101010101000000000001010000110100001100101011011000110110001101111
2024-12-30 19:56:45,974 - DEBUG - 比特串成功转换为音频信号。
2024-12-30 19:56:45,974 - INFO - 开始播放音频信号。
2024-12-30 19:56:54,139 - INFO - 音频信号播放完成。
2024-12-30 19:57:18,704 - INFO - 用户输入的消息: hello
2024-12-30 19:57:18,704 - DEBUG - 文本转换为比特串: 0110100001100101011011000110110001101111
2024-12-30 19:57:18,704 - DEBUG - 数据包构建完成: 10101010101010101010101000000000001010000110100001100101011011000110110001101111
2024-12-30 19:57:18,731 - DEBUG - 比特串成功转换为音频信号。
2024-12-30 19:57:18,731 - INFO - 开始播放音频信号。
2024-12-30 19:57:26,899 - INFO - 音频信号播放完成。
2024-12-30 20:05:21,851 - INFO - 用户输入的消息: hello
2024-12-30 20:05:21,853 - DEBUG - 文本转换为比特串: 0110100001100101011011000110110001101111
2024-12-30 20:05:21,853 - DEBUG - 数据包构建完成: 10101010101010101010101000000000001010000110100001100101011011000110110001101111
2024-12-30 20:05:21,879 - DEBUG - 比特串成功转换为音频信号。
2024-12-30 20:05:21,879 - INFO - 开始播放音频信号。
2024-12-30 20:05:30,049 - INFO - 音频信号播放完成。
2024-12-30 20:05:36,730 - INFO - 用户输入的消息: hello
2024-12-30 20:05:36,730 - DEBUG - 文本转换为比特串: 0110100001100101011011000110110001101111
2024-12-30 20:05:36,730 - DEBUG - 数据包构建完成: 10101010101010101010101000000000001010000110100001100101011011000110110001101111
2024-12-30 20:05:36,747 - DEBUG - 比特串成功转换为音频信号。
2024-12-30 20:05:36,747 - INFO - 开始播放音频信号。
2024-12-30 20:05:44,903 - INFO - 音频信号播放完成。
2024-12-30 20:20:18,412 - INFO - 用户输入的消息: hello
2024-12-30 20:20:18,415 - DEBUG - 文本转换为比特串: 0110100001100101011011000110110001101111
2024-12-30 20:20:18,415 - DEBUG - 数据包构建完成: 10101010101010101010101000000000001010000110100001100101011011000110110001101111
2024-12-30 20:20:18,442 - DEBUG - 比特串成功转换为音频信号。
2024-12-30 20:20:18,442 - INFO - 开始播放音频信号。
2024-12-30 20:20:26,615 - INFO - 音频信号播放完成。
2024-12-30 20:21:51,745 - INFO - 发送端程序关闭。
